Build started 3/14/2013 9:11:04 PM.
     1>Project "C:\Users\alialani\Desktop\library\library\library.vcxproj" on node 2 (build target(s)).
     1>InitializeBuildStatus:
         Creating "Release\library.unsuccessfulbuild" because "AlwaysCreate" was specified.
       ClCompile:
         c:\Program Files (x86)\Microsoft Visual Studio 10.0\VC\bin\CL.exe /c /Zi /nologo /W3 /WX- /O2 /Oi /Oy- /GL /D _MBCS /Gm- /EHsc /MD /GS /Gy /fp:precise /Zc:wchar_t /Zc:forScope /Fo"Release\\" /Fd"Release\vc100.pdb" /Gd /TP /analyze- /errorReport:prompt checkoutcommand.cpp command.cpp commandfactory.cpp displaycommand.cpp historycommand.cpp itemfactory.cpp lab3.cpp librarycat.cpp librarysystem.cpp returncommand.cpp
         checkoutcommand.cpp
         command.cpp
         commandfactory.cpp
         displaycommand.cpp
         historycommand.cpp
         itemfactory.cpp
         lab3.cpp
         librarycat.cpp
         librarysystem.cpp
         returncommand.cpp
       Link:
         c:\Program Files (x86)\Microsoft Visual Studio 10.0\VC\bin\link.exe /ERRORREPORT:PROMPT /OUT:"C:\Users\alialani\Desktop\library\Release\library.exe" /NOLOGO kernel32.lib user32.lib gdi32.lib winspool.lib comdlg32.lib advapi32.lib shell32.lib ole32.lib oleaut32.lib uuid.lib odbc32.lib odbccp32.lib /MANIFEST /ManifestFile:"Release\library.exe.intermediate.manifest" /MANIFESTUAC:"level='asInvoker' uiAccess='false'" /DEBUG /PDB:"C:\Users\alialani\Desktop\library\Release\library.pdb" /OPT:REF /OPT:ICF /LTCG /TLBID:1 /DYNAMICBASE /NXCOMPAT /IMPLIB:"C:\Users\alialani\Desktop\library\Release\library.lib" /MACHINE:X86 Release\checkoutcommand.obj
         Release\command.obj
         Release\commandfactory.obj
         Release\displaycommand.obj
         Release\fictionbook.obj
         Release\historycommand.obj
         Release\historynode.obj
         Release\item.obj
         Release\itemfactory.obj
         Release\itemnode.obj
         Release\itemtree.obj
         Release\lab3.obj
         Release\librarycat.obj
         Release\librarysystem.obj
         Release\patron.obj
         Release\patronhistory.obj
         Release\periodical.obj
         Release\returncommand.obj
         Release\youthbook.obj
         Generating code
     1>c:\users\alialani\desktop\library\library\returncommand.cpp(71): warning C4715: 'ReturnCommand::execute' : not all control paths return a value
         Finished generating code
         library.vcxproj -> C:\Users\alialani\Desktop\library\Release\library.exe
       Manifest:
         C:\Program Files (x86)\Microsoft SDKs\Windows\v7.0A\bin\mt.exe /nologo /verbose /outputresource:"C:\Users\alialani\Desktop\library\Release\library.exe;#1" /manifest Release\library.exe.intermediate.manifest
       FinalizeBuildStatus:
         Deleting file "Release\library.unsuccessfulbuild".
         Touching "Release\library.lastbuildstate".
     1>Done Building Project "C:\Users\alialani\Desktop\library\library\library.vcxproj" (build target(s)).

Build succeeded.

Time Elapsed 00:00:04.32
