C:\USERS\ALIALANI\DESKTOP\LIBRARY\LIBRARY\RELEASE\CHECKOUTCOMMAND.OBJ
C:\Users\alialani\Desktop\library\library\Release\cl.command.1.tlog
C:\Users\alialani\Desktop\library\library\Release\CL.read.1.tlog
C:\Users\alialani\Desktop\library\library\Release\CL.write.1.tlog
C:\USERS\ALIALANI\DESKTOP\LIBRARY\LIBRARY\RELEASE\COMMAND.OBJ
C:\USERS\ALIALANI\DESKTOP\LIBRARY\LIBRARY\RELEASE\COMMANDFACTORY.OBJ
C:\USERS\ALIALANI\DESKTOP\LIBRARY\LIBRARY\RELEASE\DISPLAYCOMMAND.OBJ
C:\USERS\ALIALANI\DESKTOP\LIBRARY\LIBRARY\RELEASE\FICTIONBOOK.OBJ
C:\USERS\ALIALANI\DESKTOP\LIBRARY\LIBRARY\RELEASE\HISTORYCOMMAND.OBJ
C:\USERS\ALIALANI\DESKTOP\LIBRARY\LIBRARY\RELEASE\HISTORYNODE.OBJ
C:\USERS\ALIALANI\DESKTOP\LIBRARY\LIBRARY\RELEASE\ITEM.OBJ
C:\USERS\ALIALANI\DESKTOP\LIBRARY\LIBRARY\RELEASE\ITEMFACTORY.OBJ
C:\USERS\ALIALANI\DESKTOP\LIBRARY\LIBRARY\RELEASE\ITEMNODE.OBJ
C:\USERS\ALIALANI\DESKTOP\LIBRARY\LIBRARY\RELEASE\ITEMTREE.OBJ
C:\USERS\ALIALANI\DESKTOP\LIBRARY\LIBRARY\RELEASE\LAB3.OBJ
C:\USERS\ALIALANI\DESKTOP\LIBRARY\LIBRARY\RELEASE\LIBRARY.EXE.INTERMEDIATE.MANIFEST
C:\Users\alialani\Desktop\library\library\Release\library.write.1.tlog
C:\USERS\ALIALANI\DESKTOP\LIBRARY\LIBRARY\RELEASE\LIBRARYCAT.OBJ
C:\USERS\ALIALANI\DESKTOP\LIBRARY\LIBRARY\RELEASE\LIBRARYSYSTEM.OBJ
C:\Users\alialani\Desktop\library\library\Release\link.command.1.tlog
C:\Users\alialani\Desktop\library\library\Release\link.read.1.tlog
C:\Users\alialani\Desktop\library\library\Release\link.write.1.tlog
C:\Users\alialani\Desktop\library\library\Release\mt.command.1.tlog
C:\Users\alialani\Desktop\library\library\Release\mt.read.1.tlog
C:\Users\alialani\Desktop\library\library\Release\mt.write.1.tlog
C:\USERS\ALIALANI\DESKTOP\LIBRARY\LIBRARY\RELEASE\PATRON.OBJ
C:\USERS\ALIALANI\DESKTOP\LIBRARY\LIBRARY\RELEASE\PATRONHISTORY.OBJ
C:\USERS\ALIALANI\DESKTOP\LIBRARY\LIBRARY\RELEASE\PERIODICAL.OBJ
C:\USERS\ALIALANI\DESKTOP\LIBRARY\LIBRARY\RELEASE\RETURNCOMMAND.OBJ
C:\USERS\ALIALANI\DESKTOP\LIBRARY\LIBRARY\RELEASE\VC100.PDB
C:\USERS\ALIALANI\DESKTOP\LIBRARY\LIBRARY\RELEASE\YOUTHBOOK.OBJ
C:\USERS\ALIALANI\DESKTOP\LIBRARY\RELEASE\LIBRARY.EXE
C:\USERS\ALIALANI\DESKTOP\LIBRARY\RELEASE\LIBRARY.PDB
